<?xml version="1.0" encoding="UTF-8"?>
<testsuite xmlns:xsi="http://www.w3.org/2001/XMLSchema-instance" xsi:noNamespaceSchemaLocation="https://maven.apache.org/surefire/maven-surefire-plugin/xsd/surefire-test-report-3.0.xsd" version="3.0" name="pokergame.engine.PokerGameEngineTest" time="0.057" tests="1" errors="1" skipped="0" failures="0">
  <properties>
[...]
</properties>
  <testcase name="testThreePlayerBettingRound" classname="pokergame.engine.PokerGameEngineTest" time="0.027">
    <error message="Repository not initialized!" type="java.lang.IllegalStateException"><![CDATA[java.lang.IllegalStateException: Repository not initialized!
	at pokergame.GameContext.getPlayerRepository(GameContext.java:18)
	at pokergame.engine.PokerGameEngineTest.testThreePlayerBettingRound(PokerGameEngineTest.java:17)
	at java.base/java.lang.reflect.Method.invoke(Method.java:565)
	at java.base/java.util.ArrayList.forEach(ArrayList.java:1604)
	at java.base/java.util.ArrayList.forEach(ArrayList.java:1604)
]]></error>
  </testcase>
</testsuite>